<?xml version="1.0" encoding="UTF-8"?>
<!-- Generated by org.testng.reporters.JUnitReportReporter -->
<testsuite hostname="Admins-MacBook-Air.local" failures="0" tests="3" name="kz.olx.preConditions" time="45.324" errors="0" timestamp="11 Sep 2019 21:41:54 GMT" skipped="0">
  <testcase classname="kz.olx.preConditions" name="startTest" time="14.821"/>
  <testcase classname="kz.olx.preConditions" name="startTest" time="14.814"/>
  <testcase classname="kz.olx.preConditions" name="startTest" time="15.689"/>
</testsuite> <!-- kz.olx.preConditions -->
