<?xml version="1.0" encoding="UTF-8"?>
<!-- Generated by org.testng.reporters.JUnitReportReporter -->
<testsuite hostname="Admins-MacBook-Air.local" failures="0" tests="1" name="kz.olx.preConditions" time="0.022" errors="0" timestamp="12 Sep 2019 21:32:09 GMT" skipped="0">
  <testcase classname="kz.olx.preConditions" name="getData" time="0.022"/>
</testsuite> <!-- kz.olx.preConditions -->
